2022-08-31 11:49:27.761 INFO  Connected 
2022-08-31 11:49:28.158 INFO  Found 4 unread emails 
2022-08-31 11:49:28.318 INFO  Email from "Indeed" <alert@indeed.com> with date Wed, 31 Aug 2022 08:22:32 +0000 
2022-08-31 11:49:28.319 INFO  Email with 0 attachemnts 
2022-08-31 11:49:28.335 INFO  Email from Glassdoor Recommendations <noreply@glassdoor.com> with date Wed, 31 Aug 2022 08:31:18 +0000 (UTC) 
2022-08-31 11:49:28.335 INFO  Email with 0 attachemnts 
2022-08-31 11:49:28.335 INFO  Email from Uber <uber@uber.com> with date Wed, 31 Aug 2022 10:00:56 +0000 (UTC) 
2022-08-31 11:49:28.335 INFO  Email with 0 attachemnts 
2022-08-31 11:49:28.385 INFO  Email from Jumia <no-reply@email.jumia.com.ng> with date Wed, 31 Aug 2022 10:33:20 +0000 
2022-08-31 11:49:28.385 INFO  Email with 0 attachemnts 
2022-08-31 11:49:28.385 INFO  Done fetching all messages! 
2022-08-31 11:49:28.719 INFO  Connection ended 
2022-08-31 11:51:00.734 INFO  Connected 
2022-08-31 11:51:01.185 INFO  Found 4 unread emails 
2022-08-31 11:51:01.391 INFO  Email from "Indeed" <alert@indeed.com> with date Wed, 31 Aug 2022 08:22:32 +0000 
2022-08-31 11:51:01.392 INFO  Email with 0 attachemnts 
2022-08-31 11:51:01.403 INFO  Email from Glassdoor Recommendations <noreply@glassdoor.com> with date Wed, 31 Aug 2022 08:31:18 +0000 (UTC) 
2022-08-31 11:51:01.403 INFO  Email with 0 attachemnts 
2022-08-31 11:51:01.403 INFO  Email from Uber <uber@uber.com> with date Wed, 31 Aug 2022 10:00:56 +0000 (UTC) 
2022-08-31 11:51:01.403 INFO  Email with 0 attachemnts 
2022-08-31 11:51:01.450 INFO  Email from Jumia <no-reply@email.jumia.com.ng> with date Wed, 31 Aug 2022 10:33:20 +0000 
2022-08-31 11:51:01.450 INFO  Email with 0 attachemnts 
2022-08-31 11:51:01.450 INFO  Done fetching all messages! 
2022-08-31 11:51:01.899 INFO  Connection ended 
2022-08-31 11:52:05.992 INFO  Connected 
2022-08-31 11:52:06.435 INFO  Found 4 unread emails 
2022-08-31 11:52:06.593 INFO  Email from "Indeed" <alert@indeed.com> with date Wed, 31 Aug 2022 08:22:32 +0000 
2022-08-31 11:52:06.594 INFO  Email with 0 attachemnts 
2022-08-31 11:52:06.605 INFO  Email from Glassdoor Recommendations <noreply@glassdoor.com> with date Wed, 31 Aug 2022 08:31:18 +0000 (UTC) 
2022-08-31 11:52:06.605 INFO  Email with 0 attachemnts 
2022-08-31 11:52:06.605 INFO  Email from Uber <uber@uber.com> with date Wed, 31 Aug 2022 10:00:56 +0000 (UTC) 
2022-08-31 11:52:06.605 INFO  Email with 0 attachemnts 
2022-08-31 11:52:06.646 INFO  Email from Jumia <no-reply@email.jumia.com.ng> with date Wed, 31 Aug 2022 10:33:20 +0000 
2022-08-31 11:52:06.646 INFO  Email with 0 attachemnts 
2022-08-31 11:52:06.646 INFO  Done fetching all messages! 
2022-08-31 11:52:06.991 INFO  Connection ended 
2022-08-31 11:53:44.689 INFO  Connected 
2022-08-31 11:53:45.168 INFO  Found 4 unread emails 
2022-08-31 11:53:45.325 INFO  Email from "Indeed" <alert@indeed.com> with date Wed, 31 Aug 2022 08:22:32 +0000 
2022-08-31 11:53:45.325 INFO  Email with 0 attachemnts 
2022-08-31 11:53:45.331 INFO  Email from Glassdoor Recommendations <noreply@glassdoor.com> with date Wed, 31 Aug 2022 08:31:18 +0000 (UTC) 
2022-08-31 11:53:45.331 INFO  Email with 0 attachemnts 
2022-08-31 11:53:45.331 INFO  Email from Uber <uber@uber.com> with date Wed, 31 Aug 2022 10:00:56 +0000 (UTC) 
2022-08-31 11:53:45.331 INFO  Email with 0 attachemnts 
2022-08-31 11:53:45.360 INFO  Email from Jumia <no-reply@email.jumia.com.ng> with date Wed, 31 Aug 2022 10:33:20 +0000 
2022-08-31 11:53:45.360 INFO  Email with 0 attachemnts 
2022-08-31 11:53:45.360 INFO  Done fetching all messages! 
2022-08-31 11:53:45.814 INFO  Connection ended 
2022-08-31 12:24:18.395 INFO  Connected 
2022-08-31 12:24:19.015 INFO  Found 4 unread emails 
2022-08-31 12:24:19.169 INFO  Email from "Indeed" <alert@indeed.com> with date Wed, 31 Aug 2022 08:22:32 +0000 
2022-08-31 12:24:19.169 INFO  Email with 0 attachemnts 
2022-08-31 12:24:19.173 INFO  Email from Glassdoor Recommendations <noreply@glassdoor.com> with date Wed, 31 Aug 2022 08:31:18 +0000 (UTC) 
2022-08-31 12:24:19.173 INFO  Email with 0 attachemnts 
2022-08-31 12:24:19.173 INFO  Email from Uber <uber@uber.com> with date Wed, 31 Aug 2022 10:00:56 +0000 (UTC) 
2022-08-31 12:24:19.173 INFO  Email with 0 attachemnts 
2022-08-31 12:24:19.194 INFO  Email from Jumia <no-reply@email.jumia.com.ng> with date Wed, 31 Aug 2022 10:33:20 +0000 
2022-08-31 12:24:19.194 INFO  Email with 0 attachemnts 
2022-08-31 12:24:19.194 INFO  Done fetching all messages! 
2022-08-31 12:24:19.547 INFO  Connection ended 
